{"/Users/koranatruedeecharoen/Desktop/KMUTT/INT202/practice_mid_01/linkedList/linkedList.ts": {"path":"/Users/koranatruedeecharoen/Desktop/KMUTT/INT202/practice_mid_01/linkedList/linkedList.ts","statementMap":{"0":{"start":{"line":6,"column":4},"end":{"line":6,"column":23}},"1":{"start":{"line":7,"column":4},"end":{"line":7,"column":21}},"2":{"start":{"line":17,"column":20},"end":{"line":17,"column":44}},"3":{"start":{"line":18,"column":4},"end":{"line":18,"column":24}},"4":{"start":{"line":19,"column":4},"end":{"line":19,"column":26}},"5":{"start":{"line":20,"column":4},"end":{"line":20,"column":20}},"6":{"start":{"line":24,"column":20},"end":{"line":24,"column":44}},"7":{"start":{"line":26,"column":4},"end":{"line":30,"column":null}},"8":{"start":{"line":27,"column":6},"end":{"line":27,"column":31}},"9":{"start":{"line":29,"column":6},"end":{"line":29,"column":26}},"10":{"start":{"line":32,"column":4},"end":{"line":32,"column":24}},"11":{"start":{"line":33,"column":4},"end":{"line":33,"column":18}},"12":{"start":{"line":35,"column":4},"end":{"line":35,"column":16}},"13":{"start":{"line":39,"column":4},"end":{"line":41,"column":null}},"14":{"start":{"line":40,"column":6},"end":{"line":40,"column":13}},"15":{"start":{"line":43,"column":15},"end":{"line":43,"column":24}},"16":{"start":{"line":44,"column":19},"end":{"line":44,"column":28}},"17":{"start":{"line":46,"column":4},"end":{"line":49,"column":null}},"18":{"start":{"line":47,"column":6},"end":{"line":47,"column":22}},"19":{"start":{"line":48,"column":6},"end":{"line":48,"column":23}},"20":{"start":{"line":51,"column":4},"end":{"line":51,"column":25}},"21":{"start":{"line":52,"column":4},"end":{"line":52,"column":26}},"22":{"start":{"line":54,"column":4},"end":{"line":54,"column":18}},"23":{"start":{"line":55,"column":4},"end":{"line":58,"column":null}},"24":{"start":{"line":56,"column":6},"end":{"line":56,"column":23}},"25":{"start":{"line":57,"column":6},"end":{"line":57,"column":23}},"26":{"start":{"line":60,"column":4},"end":{"line":60,"column":22}},"27":{"start":{"line":64,"column":4},"end":{"line":64,"column":55}},"28":{"start":{"line":64,"column":42},"end":{"line":64,"column":55}},"29":{"start":{"line":65,"column":4},"end":{"line":65,"column":57}},"30":{"start":{"line":65,"column":31},"end":{"line":65,"column":57}},"31":{"start":{"line":66,"column":4},"end":{"line":66,"column":52}},"32":{"start":{"line":66,"column":21},"end":{"line":66,"column":52}},"33":{"start":{"line":68,"column":20},"end":{"line":68,"column":41}},"34":{"start":{"line":69,"column":17},"end":{"line":69,"column":36}},"35":{"start":{"line":70,"column":4},"end":{"line":70,"column":30}},"36":{"start":{"line":71,"column":4},"end":{"line":71,"column":25}},"37":{"start":{"line":72,"column":4},"end":{"line":72,"column":18}},"38":{"start":{"line":73,"column":4},"end":{"line":73,"column":16}},"39":{"start":{"line":77,"column":4},"end":{"line":77,"column":27}},"40":{"start":{"line":77,"column":20},"end":{"line":77,"column":27}},"41":{"start":{"line":78,"column":17},"end":{"line":78,"column":26}},"42":{"start":{"line":79,"column":4},"end":{"line":79,"column":31}},"43":{"start":{"line":81,"column":4},"end":{"line":81,"column":18}},"44":{"start":{"line":82,"column":4},"end":{"line":84,"column":null}},"45":{"start":{"line":83,"column":6},"end":{"line":83,"column":23}},"46":{"start":{"line":86,"column":4},"end":{"line":86,"column":22}},"47":{"start":{"line":90,"column":20},"end":{"line":90,"column":44}},"48":{"start":{"line":92,"column":4},"end":{"line":96,"column":null}},"49":{"start":{"line":93,"column":6},"end":{"line":93,"column":26}},"50":{"start":{"line":95,"column":6},"end":{"line":95,"column":31}},"51":{"start":{"line":97,"column":4},"end":{"line":97,"column":24}},"52":{"start":{"line":98,"column":4},"end":{"line":98,"column":18}},"53":{"start":{"line":99,"column":4},"end":{"line":99,"column":16}},"54":{"start":{"line":103,"column":4},"end":{"line":105,"column":null}},"55":{"start":{"line":104,"column":6},"end":{"line":104,"column":13}},"56":{"start":{"line":107,"column":15},"end":{"line":107,"column":24}},"57":{"start":{"line":108,"column":4},"end":{"line":110,"column":null}},"58":{"start":{"line":108,"column":17},"end":{"line":108,"column":18}},"59":{"start":{"line":109,"column":6},"end":{"line":109,"column":24}},"60":{"start":{"line":111,"column":4},"end":{"line":111,"column":16}},"61":{"start":{"line":115,"column":15},"end":{"line":115,"column":30}},"62":{"start":{"line":116,"column":4},"end":{"line":119,"column":null}},"63":{"start":{"line":117,"column":6},"end":{"line":117,"column":25}},"64":{"start":{"line":118,"column":6},"end":{"line":118,"column":18}},"65":{"start":{"line":120,"column":4},"end":{"line":120,"column":17}},"66":{"start":{"line":124,"column":4},"end":{"line":124,"column":43}},"67":{"start":{"line":124,"column":21},"end":{"line":124,"column":43}},"68":{"start":{"line":125,"column":4},"end":{"line":125,"column":51}},"69":{"start":{"line":125,"column":31},"end":{"line":125,"column":51}},"70":{"start":{"line":127,"column":17},"end":{"line":127,"column":36}},"71":{"start":{"line":128,"column":17},"end":{"line":128,"column":27}},"72":{"start":{"line":129,"column":4},"end":{"line":129,"column":36}},"73":{"start":{"line":130,"column":4},"end":{"line":130,"column":22}},"74":{"start":{"line":132,"column":4},"end":{"line":132,"column":18}},"75":{"start":{"line":133,"column":4},"end":{"line":133,"column":16}},"76":{"start":{"line":137,"column":4},"end":{"line":139,"column":null}},"77":{"start":{"line":138,"column":6},"end":{"line":138,"column":18}},"78":{"start":{"line":141,"column":15},"end":{"line":141,"column":19}},"79":{"start":{"line":142,"column":18},"end":{"line":142,"column":27}},"80":{"start":{"line":143,"column":19},"end":{"line":143,"column":23}},"81":{"start":{"line":145,"column":4},"end":{"line":152,"column":null}},"82":{"start":{"line":146,"column":6},"end":{"line":146,"column":30}},"83":{"start":{"line":148,"column":6},"end":{"line":148,"column":26}},"84":{"start":{"line":150,"column":6},"end":{"line":150,"column":21}},"85":{"start":{"line":151,"column":6},"end":{"line":151,"column":26}},"86":{"start":{"line":154,"column":4},"end":{"line":154,"column":26}},"87":{"start":{"line":155,"column":4},"end":{"line":155,"column":21}},"88":{"start":{"line":157,"column":4},"end":{"line":157,"column":16}},"89":{"start":{"line":161,"column":14},"end":{"line":161,"column":16}},"90":{"start":{"line":162,"column":15},"end":{"line":162,"column":24}},"91":{"start":{"line":164,"column":4},"end":{"line":167,"column":null}},"92":{"start":{"line":165,"column":6},"end":{"line":165,"column":33}},"93":{"start":{"line":166,"column":6},"end":{"line":166,"column":23}},"94":{"start":{"line":169,"column":4},"end":{"line":169,"column":27}},"95":{"start":{"line":171,"column":4},"end":{"line":171,"column":36}},"96":{"start":{"line":175,"column":0},"end":{"line":175,"column":26}}},"fnMap":{"0":{"name":"(anonymous_0)","decl":{"start":{"line":5,"column":2},"end":{"line":5,"column":14}},"loc":{"start":{"line":5,"column":22},"end":{"line":8,"column":3}}},"1":{"name":"(anonymous_1)","decl":{"start":{"line":16,"column":2},"end":{"line":16,"column":14}},"loc":{"start":{"line":16,"column":22},"end":{"line":21,"column":3}}},"2":{"name":"(anonymous_2)","decl":{"start":{"line":23,"column":2},"end":{"line":23,"column":6}},"loc":{"start":{"line":23,"column":15},"end":{"line":36,"column":3}}},"3":{"name":"(anonymous_3)","decl":{"start":{"line":38,"column":2},"end":{"line":38,"column":5}},"loc":{"start":{"line":38,"column":5},"end":{"line":61,"column":3}}},"4":{"name":"(anonymous_4)","decl":{"start":{"line":63,"column":2},"end":{"line":63,"column":8}},"loc":{"start":{"line":63,"column":32},"end":{"line":74,"column":3}}},"5":{"name":"(anonymous_5)","decl":{"start":{"line":76,"column":2},"end":{"line":76,"column":7}},"loc":{"start":{"line":76,"column":7},"end":{"line":87,"column":3}}},"6":{"name":"(anonymous_6)","decl":{"start":{"line":89,"column":2},"end":{"line":89,"column":11}},"loc":{"start":{"line":89,"column":20},"end":{"line":100,"column":3}}},"7":{"name":"(anonymous_7)","decl":{"start":{"line":102,"column":2},"end":{"line":102,"column":5}},"loc":{"start":{"line":102,"column":19},"end":{"line":112,"column":3}}},"8":{"name":"(anonymous_8)","decl":{"start":{"line":114,"column":2},"end":{"line":114,"column":5}},"loc":{"start":{"line":114,"column":29},"end":{"line":121,"column":3}}},"9":{"name":"(anonymous_9)","decl":{"start":{"line":123,"column":2},"end":{"line":123,"column":8}},"loc":{"start":{"line":123,"column":22},"end":{"line":134,"column":3}}},"10":{"name":"(anonymous_10)","decl":{"start":{"line":136,"column":2},"end":{"line":136,"column":9}},"loc":{"start":{"line":136,"column":9},"end":{"line":158,"column":3}}},"11":{"name":"(anonymous_11)","decl":{"start":{"line":160,"column":2},"end":{"line":160,"column":10}},"loc":{"start":{"line":160,"column":10},"end":{"line":172,"column":3}}}},"branchMap":{"0":{"loc":{"start":{"line":26,"column":4},"end":{"line":30,"column":null}},"type":"if","locations":[{"start":{"line":26,"column":4},"end":{"line":30,"column":null}},{"start":{"line":28,"column":11},"end":{"line":30,"column":null}}]},"1":{"loc":{"start":{"line":39,"column":4},"end":{"line":41,"column":null}},"type":"if","locations":[{"start":{"line":39,"column":4},"end":{"line":41,"column":null}}]},"2":{"loc":{"start":{"line":55,"column":4},"end":{"line":58,"column":null}},"type":"if","locations":[{"start":{"line":55,"column":4},"end":{"line":58,"column":null}}]},"3":{"loc":{"start":{"line":64,"column":4},"end":{"line":64,"column":55}},"type":"if","locations":[{"start":{"line":64,"column":4},"end":{"line":64,"column":55}}]},"4":{"loc":{"start":{"line":64,"column":8},"end":{"line":64,"column":40}},"type":"binary-expr","locations":[{"start":{"line":64,"column":8},"end":{"line":64,"column":17}},{"start":{"line":64,"column":21},"end":{"line":64,"column":40}}]},"5":{"loc":{"start":{"line":65,"column":4},"end":{"line":65,"column":57}},"type":"if","locations":[{"start":{"line":65,"column":4},"end":{"line":65,"column":57}}]},"6":{"loc":{"start":{"line":66,"column":4},"end":{"line":66,"column":52}},"type":"if","locations":[{"start":{"line":66,"column":4},"end":{"line":66,"column":52}}]},"7":{"loc":{"start":{"line":77,"column":4},"end":{"line":77,"column":27}},"type":"if","locations":[{"start":{"line":77,"column":4},"end":{"line":77,"column":27}}]},"8":{"loc":{"start":{"line":82,"column":4},"end":{"line":84,"column":null}},"type":"if","locations":[{"start":{"line":82,"column":4},"end":{"line":84,"column":null}}]},"9":{"loc":{"start":{"line":92,"column":4},"end":{"line":96,"column":null}},"type":"if","locations":[{"start":{"line":92,"column":4},"end":{"line":96,"column":null}},{"start":{"line":94,"column":11},"end":{"line":96,"column":null}}]},"10":{"loc":{"start":{"line":103,"column":4},"end":{"line":105,"column":null}},"type":"if","locations":[{"start":{"line":103,"column":4},"end":{"line":105,"column":null}}]},"11":{"loc":{"start":{"line":103,"column":8},"end":{"line":103,"column":41}},"type":"binary-expr","locations":[{"start":{"line":103,"column":8},"end":{"line":103,"column":17}},{"start":{"line":103,"column":21},"end":{"line":103,"column":41}}]},"12":{"loc":{"start":{"line":116,"column":4},"end":{"line":119,"column":null}},"type":"if","locations":[{"start":{"line":116,"column":4},"end":{"line":119,"column":null}}]},"13":{"loc":{"start":{"line":124,"column":4},"end":{"line":124,"column":43}},"type":"if","locations":[{"start":{"line":124,"column":4},"end":{"line":124,"column":43}}]},"14":{"loc":{"start":{"line":125,"column":4},"end":{"line":125,"column":51}},"type":"if","locations":[{"start":{"line":125,"column":4},"end":{"line":125,"column":51}}]},"15":{"loc":{"start":{"line":128,"column":17},"end":{"line":128,"column":27}},"type":"cond-expr","locations":[{"start":{"line":128,"column":21},"end":{"line":128,"column":23}},{"start":{"line":128,"column":17},"end":{"line":128,"column":27}}]},"16":{"loc":{"start":{"line":128,"column":17},"end":{"line":128,"column":23}},"type":"binary-expr","locations":[{"start":{"line":128,"column":17},"end":{"line":128,"column":23}},{"start":{"line":128,"column":17},"end":{"line":128,"column":23}}]},"17":{"loc":{"start":{"line":129,"column":17},"end":{"line":129,"column":35}},"type":"cond-expr","locations":[{"start":{"line":129,"column":27},"end":{"line":129,"column":31}},{"start":{"line":129,"column":31},"end":{"line":129,"column":35}}]},"18":{"loc":{"start":{"line":129,"column":17},"end":{"line":129,"column":31}},"type":"binary-expr","locations":[{"start":{"line":129,"column":17},"end":{"line":129,"column":31}},{"start":{"line":129,"column":27},"end":{"line":129,"column":31}}]},"19":{"loc":{"start":{"line":129,"column":17},"end":{"line":129,"column":27}},"type":"cond-expr","locations":[{"start":{"line":129,"column":21},"end":{"line":129,"column":23}},{"start":{"line":129,"column":17},"end":{"line":129,"column":27}}]},"20":{"loc":{"start":{"line":129,"column":17},"end":{"line":129,"column":23}},"type":"binary-expr","locations":[{"start":{"line":129,"column":17},"end":{"line":129,"column":23}},{"start":{"line":129,"column":17},"end":{"line":129,"column":23}}]},"21":{"loc":{"start":{"line":137,"column":4},"end":{"line":139,"column":null}},"type":"if","locations":[{"start":{"line":137,"column":4},"end":{"line":139,"column":null}}]},"22":{"loc":{"start":{"line":137,"column":8},"end":{"line":137,"column":39}},"type":"binary-expr","locations":[{"start":{"line":137,"column":8},"end":{"line":137,"column":18}},{"start":{"line":137,"column":22},"end":{"line":137,"column":39}}]}},"s":{"0":35,"1":35,"2":10,"3":10,"4":10,"5":10,"6":23,"7":23,"8":23,"9":0,"10":23,"11":23,"12":23,"13":1,"14":0,"15":1,"16":1,"17":1,"18":2,"19":2,"20":1,"21":1,"22":1,"23":1,"24":0,"25":0,"26":1,"27":1,"28":0,"29":1,"30":0,"31":1,"32":0,"33":1,"34":1,"35":1,"36":1,"37":1,"38":1,"39":1,"40":0,"41":1,"42":1,"43":1,"44":1,"45":0,"46":1,"47":1,"48":1,"49":0,"50":1,"51":1,"52":1,"53":1,"54":4,"55":0,"56":4,"57":4,"58":4,"59":3,"60":4,"61":1,"62":1,"63":1,"64":1,"65":0,"66":1,"67":0,"68":1,"69":0,"70":1,"71":1,"72":1,"73":1,"74":1,"75":1,"76":1,"77":0,"78":1,"79":1,"80":1,"81":1,"82":4,"83":4,"84":4,"85":4,"86":1,"87":1,"88":1,"89":9,"90":9,"91":9,"92":28,"93":28,"94":9,"95":9,"96":1},"f":{"0":35,"1":10,"2":23,"3":1,"4":1,"5":1,"6":1,"7":4,"8":1,"9":1,"10":1,"11":9},"b":{"0":[23,0],"1":[0],"2":[0],"3":[0],"4":[1,1],"5":[0],"6":[0],"7":[0],"8":[0],"9":[0,1],"10":[0],"11":[4,4],"12":[1],"13":[0],"14":[0],"15":[0,1],"16":[1,1],"17":[1,0],"18":[1,1],"19":[0,1],"20":[1,1],"21":[0],"22":[1,1]}}
}
