TN:
SF:linkedList.ts
FN:5,(anonymous_0)
FN:16,(anonymous_1)
FN:23,(anonymous_2)
FN:38,(anonymous_3)
FN:63,(anonymous_4)
FN:76,(anonymous_5)
FN:89,(anonymous_6)
FN:102,(anonymous_7)
FN:114,(anonymous_8)
FN:123,(anonymous_9)
FN:136,(anonymous_10)
FN:160,(anonymous_11)
FNF:12
FNH:12
FNDA:35,(anonymous_0)
FNDA:10,(anonymous_1)
FNDA:23,(anonymous_2)
FNDA:1,(anonymous_3)
FNDA:1,(anonymous_4)
FNDA:1,(anonymous_5)
FNDA:1,(anonymous_6)
FNDA:4,(anonymous_7)
FNDA:1,(anonymous_8)
FNDA:1,(anonymous_9)
FNDA:1,(anonymous_10)
FNDA:9,(anonymous_11)
DA:6,35
DA:7,35
DA:17,10
DA:18,10
DA:19,10
DA:20,10
DA:24,23
DA:26,23
DA:27,23
DA:29,0
DA:32,23
DA:33,23
DA:35,23
DA:39,1
DA:40,0
DA:43,1
DA:44,1
DA:46,1
DA:47,2
DA:48,2
DA:51,1
DA:52,1
DA:54,1
DA:55,1
DA:56,0
DA:57,0
DA:60,1
DA:64,1
DA:65,1
DA:66,1
DA:68,1
DA:69,1
DA:70,1
DA:71,1
DA:72,1
DA:73,1
DA:77,1
DA:78,1
DA:79,1
DA:81,1
DA:82,1
DA:83,0
DA:86,1
DA:90,1
DA:92,1
DA:93,0
DA:95,1
DA:97,1
DA:98,1
DA:99,1
DA:103,4
DA:104,0
DA:107,4
DA:108,4
DA:109,3
DA:111,4
DA:115,1
DA:116,1
DA:117,1
DA:118,1
DA:120,0
DA:124,1
DA:125,1
DA:127,1
DA:128,1
DA:129,1
DA:130,1
DA:132,1
DA:133,1
DA:137,1
DA:138,0
DA:141,1
DA:142,1
DA:143,1
DA:145,1
DA:146,4
DA:148,4
DA:150,4
DA:151,4
DA:154,1
DA:155,1
DA:157,1
DA:161,9
DA:162,9
DA:164,9
DA:165,28
DA:166,28
DA:169,9
DA:171,9
DA:175,1
LF:90
LH:81
BRDA:26,0,0,23
BRDA:26,0,1,0
BRDA:39,1,0,0
BRDA:55,2,0,0
BRDA:64,3,0,0
BRDA:64,4,0,1
BRDA:64,4,1,1
BRDA:65,5,0,0
BRDA:66,6,0,0
BRDA:77,7,0,0
BRDA:82,8,0,0
BRDA:92,9,0,0
BRDA:92,9,1,1
BRDA:103,10,0,0
BRDA:103,11,0,4
BRDA:103,11,1,4
BRDA:116,12,0,1
BRDA:124,13,0,0
BRDA:125,14,0,0
BRDA:128,15,0,0
BRDA:128,15,1,1
BRDA:128,16,0,1
BRDA:128,16,1,1
BRDA:129,17,0,1
BRDA:129,17,1,0
BRDA:129,18,0,1
BRDA:129,18,1,1
BRDA:129,19,0,0
BRDA:129,19,1,1
BRDA:129,20,0,1
BRDA:129,20,1,1
BRDA:137,21,0,0
BRDA:137,22,0,1
BRDA:137,22,1,1
BRF:34
BRH:18
end_of_record
